<?xml version="1.0" encoding="UTF-8"?>
<!-- Generated by org.testng.reporters.JUnitReportReporter -->
<testsuite hostname="LAPTOP-46FOCUQ2" failures="0" tests="2" name="testngtest.EnableKeywordChekingSequence" time="0.000" errors="0" timestamp="2023-01-31T23:22:07 IST" skipped="1">
  <testcase classname="testngtest.EnableKeywordChekingSequence" name="ab" time="0.000"/>
  <system-out>
    <![CDATA[checking Reporter]]>
  </system-out>
  <testcase classname="testngtest.EnableKeywordChekingSequence" name="ba">
    <skipped/>
  </testcase> <!-- ba -->
  <system-out/>
</testsuite> <!-- testngtest.EnableKeywordChekingSequence -->
