<?xml version="1.0" encoding="UTF-8"?>
<!-- Generated by org.testng.reporters.JUnitReportReporter -->
<testsuite hostname="LAPTOP-46FOCUQ2" failures="0" tests="2" name="testngtest.ChekingTestNgReporterClass" time="0.003" errors="0" timestamp="2023-01-31T23:22:07 IST" skipped="0">
  <testcase classname="testngtest.ChekingTestNgReporterClass" name="ab" time="0.001"/>
  <system-out>
    <![CDATA[cheking Reporter]]>
  </system-out>
  <testcase classname="testngtest.ChekingTestNgReporterClass" name="ba" time="0.002"/>
  <system-out/>
</testsuite> <!-- testngtest.ChekingTestNgReporterClass -->
